<?xml version="1.0" encoding="UTF-8"?>
<testng-results ignored="0" total="7" passed="7" failed="0" skipped="0">
  <reporter-output>
  </reporter-output>
  <suite started-at="2024-07-20T15:53:55 IST" name="Default suite" finished-at="2024-07-20T15:54:14 IST" duration-ms="18681">
    <groups>
    </groups>
    <test started-at="2024-07-20T15:53:55 IST" name="Default test" finished-at="2024-07-20T15:54:14 IST" duration-ms="18681">
      <class name="apiProject.CryptocurrencyWallet">
        <test-method signature="Calculatetransactionfeesandreturnestimatedcost()[pri:0, instance:apiProject.CryptocurrencyWallet@66f57048]" started-at="2024-07-20T15:53:55 IST" name="Calculatetransactionfeesandreturnestimatedcost" finished-at="2024-07-20T15:54:01 IST" duration-ms="5449" status="PASS">
          <reporter-output>
          </reporter-output>
        </test-method> <!-- Calculatetransactionfeesandreturnestimatedcost -->
        <test-method signature="Getanobjectwithallavailablecurrencyexchangerates()[pri:0, instance:apiProject.CryptocurrencyWallet@66f57048]" started-at="2024-07-20T15:54:01 IST" name="Getanobjectwithallavailablecurrencyexchangerates" finished-at="2024-07-20T15:54:02 IST" duration-ms="1236" status="PASS">
          <reporter-output>
          </reporter-output>
        </test-method> <!-- Getanobjectwithallavailablecurrencyexchangerates -->
        <test-method signature="Listallthetransactionsdonebytheuser()[pri:0, instance:apiProject.CryptocurrencyWallet@66f57048]" started-at="2024-07-20T15:54:02 IST" name="Listallthetransactionsdonebytheuser" finished-at="2024-07-20T15:54:05 IST" duration-ms="2769" status="PASS">
          <reporter-output>
          </reporter-output>
        </test-method> <!-- Listallthetransactionsdonebytheuser -->
        <test-method signature="Logintheuserandgenerateasessiontoken()[pri:0, instance:apiProject.CryptocurrencyWallet@66f57048]" started-at="2024-07-20T15:54:05 IST" name="Logintheuserandgenerateasessiontoken" finished-at="2024-07-20T15:54:07 IST" duration-ms="2124" status="PASS">
          <reporter-output>
          </reporter-output>
        </test-method> <!-- Logintheuserandgenerateasessiontoken -->
        <test-method signature="Registerauserandcreatewallet()[pri:0, instance:apiProject.CryptocurrencyWallet@66f57048]" started-at="2024-07-20T15:54:07 IST" name="Registerauserandcreatewallet" finished-at="2024-07-20T15:54:09 IST" duration-ms="2041" status="PASS">
          <reporter-output>
          </reporter-output>
        </test-method> <!-- Registerauserandcreatewallet -->
        <test-method signature="Retrievethewalletbalance()[pri:0, instance:apiProject.CryptocurrencyWallet@66f57048]" started-at="2024-07-20T15:54:09 IST" name="Retrievethewalletbalance" finished-at="2024-07-20T15:54:10 IST" duration-ms="1211" status="PASS">
          <reporter-output>
          </reporter-output>
        </test-method> <!-- Retrievethewalletbalance -->
        <test-method signature="Transfe5ETHtorecipient()[pri:0, instance:apiProject.CryptocurrencyWallet@66f57048]" started-at="2024-07-20T15:54:10 IST" name="Transfe5ETHtorecipient" finished-at="2024-07-20T15:54:14 IST" duration-ms="3682" status="PASS">
          <reporter-output>
          </reporter-output>
        </test-method> <!-- Transfe5ETHtorecipient -->
      </class> <!-- apiProject.CryptocurrencyWallet -->
    </test> <!-- Default test -->
  </suite> <!-- Default suite -->
</testng-results>
