<?xml version="1.0" encoding="UTF-8"?>
<testng-results ignored="0" total="3" passed="3" failed="0" skipped="0">
  <reporter-output>
  </reporter-output>
  <suite started-at="2024-07-20T17:24:36 IST" name="Default suite" finished-at="2024-07-20T17:25:07 IST" duration-ms="31515">
    <groups>
    </groups>
    <test started-at="2024-07-20T17:24:36 IST" name="Default test" finished-at="2024-07-20T17:25:07 IST" duration-ms="31515">
      <class name="test.Tests">
        <test-method is-config="true" signature="setUp()[pri:0, instance:test.Tests@26e356f0]" started-at="2024-07-20T17:24:36 IST" name="setUp" finished-at="2024-07-20T17:24:46 IST" duration-ms="10514" status="PASS">
          <reporter-output>
          </reporter-output>
        </test-method> <!-- setUp -->
        <test-method signature="loginPassTest()[pri:1, instance:test.Tests@26e356f0]" started-at="2024-07-20T17:24:46 IST" name="loginPassTest" finished-at="2024-07-20T17:24:51 IST" duration-ms="5053" status="PASS">
          <reporter-output>
          </reporter-output>
        </test-method> <!-- loginPassTest -->
        <test-method signature="changepasswordandlogoutTest()[pri:2, instance:test.Tests@26e356f0]" started-at="2024-07-20T17:24:51 IST" name="changepasswordandlogoutTest" finished-at="2024-07-20T17:24:57 IST" depends-on-methods="test.Tests.loginPassTest" duration-ms="6015" status="PASS">
          <reporter-output>
          </reporter-output>
        </test-method> <!-- changepasswordandlogoutTest -->
        <test-method signature="reLoginwithChangedPassword()[pri:3, instance:test.Tests@26e356f0]" started-at="2024-07-20T17:24:57 IST" name="reLoginwithChangedPassword" finished-at="2024-07-20T17:25:03 IST" depends-on-methods="test.Tests.changepasswordandlogoutTest" duration-ms="5276" status="PASS">
          <reporter-output>
          </reporter-output>
        </test-method> <!-- reLoginwithChangedPassword -->
        <test-method is-config="true" signature="tearDown()[pri:0, instance:test.Tests@26e356f0]" started-at="2024-07-20T17:25:03 IST" name="tearDown" finished-at="2024-07-20T17:25:07 IST" duration-ms="4575" status="PASS">
          <reporter-output>
          </reporter-output>
        </test-method> <!-- tearDown -->
      </class> <!-- test.Tests -->
    </test> <!-- Default test -->
  </suite> <!-- Default suite -->
</testng-results>
