<?xml version="1.0" encoding="UTF-8"?>
<!-- Generated by org.testng.reporters.JUnitXMLReporter -->
<testsuite ignored="0" hostname="DESKTOP-6ITAQL4" failures="0" tests="7" name="Default test" time="18.681" errors="0" timestamp="2024-07-20T15:54:14 IST">
  <testcase classname="apiProject.CryptocurrencyWallet" name="Calculatetransactionfeesandreturnestimatedcost" time="5.449"/>
  <testcase classname="apiProject.CryptocurrencyWallet" name="Getanobjectwithallavailablecurrencyexchangerates" time="1.236"/>
  <testcase classname="apiProject.CryptocurrencyWallet" name="Listallthetransactionsdonebytheuser" time="2.769"/>
  <testcase classname="apiProject.CryptocurrencyWallet" name="Logintheuserandgenerateasessiontoken" time="2.124"/>
  <testcase classname="apiProject.CryptocurrencyWallet" name="Registerauserandcreatewallet" time="2.041"/>
  <testcase classname="apiProject.CryptocurrencyWallet" name="Retrievethewalletbalance" time="1.211"/>
  <testcase classname="apiProject.CryptocurrencyWallet" name="Transfe5ETHtorecipient" time="3.682"/>
</testsuite> <!-- Default test -->
