<?xml version="1.0" encoding="UTF-8"?>
<!-- Generated by org.testng.reporters.JUnitXMLReporter -->
<testsuite ignored="0" hostname="DESKTOP-6ITAQL4" failures="0" tests="3" name="Default test" time="31.515" errors="0" timestamp="2024-07-20T17:25:07 IST">
  <testcase classname="test.Tests" name="loginPassTest" time="5.053"/>
  <testcase classname="test.Tests" name="changepasswordandlogoutTest" time="6.015"/>
  <testcase classname="test.Tests" name="reLoginwithChangedPassword" time="5.276"/>
</testsuite> <!-- Default test -->
